[35m[Appium][39m Welcome to Appium v1.22.3
[35m[Appium][39m Non-default server args:
[35m[Appium][39m   port: 54692
[35m[Appium][39m   loglevel: info
[35m[Appium][39m   tmpDir: C:\Users\Mazway\AppData\Local\Temp\\Katalon\Appium\Temp1670971464292
[35m[Appium][39m   chromedriverPort: 54693
[35m[Appium][39m Deprecated server args:
[35m[Appium][39m   [31m--chromedriver-port[39m => --default-capabilities
[35m[Appium][39m Default capabilities, which will be added to each request unless overridden by desired capabilities:
[35m[Appium][39m   chromedriverPort: 54693
[35m[Appium][39m Appium REST http interface listener started on 0.0.0.0:54692
[35m[HTTP][39m [37m-->[39m [37mGET[39m [37m/wd/hub/status[39m
[35m[HTTP][39m [90m{}[39m
[35m[HTTP][39m [37m<-- GET /wd/hub/status [39m[32m200[39m [90m6 ms - 68[39m
[35m[HTTP][39m [90m[39m
[35m[HTTP][39m [37m-->[39m [37mGET[39m [37m/wd/hub/status[39m
[35m[HTTP][39m [90m{}[39m
[35m[HTTP][39m [37m<-- GET /wd/hub/status [39m[32m200[39m [90m1 ms - 68[39m
[35m[HTTP][39m [90m[39m
[35m[HTTP][39m [37m-->[39m [37mPOST[39m [37m/wd/hub/session[39m
[35m[HTTP][39m [90m{"desiredCapabilities":{"appActivity":".Settings","appPackage":"com.android.settings","newCommandTimeout":1800,"platformVersion":"10","automationName":"uiautomator2","autoGrantPermissions":true,"platformName":"Android","udid":"emulator-5554","deviceName":"emulator-5554 (Android SDK built for x86 - Android 10)","platform":"ANDROID","systemPort":8201},"capabilities":{"firstMatch":[{"appium:appActivity":".Settings","appium:appPackage":"com.android.settings","appium:autoGrantPermissions":true,"appium:automationName":"uiautomator2","appium:deviceName":"emulator-5554 (Android SDK built for x86 - Android 10)","appium:newCommandTimeout":1800,"platform":"ANDROID","platformName":"android","appium:platformVersion":"10","appium:systemPort":8201,"appium:udid":"emulator-5554"}]}}[39m
[35m[BaseDriver][39m The following capabilities are not standard capabilities and should have an extension prefix:
[35m[BaseDriver][39m   platform
[35m[BaseDriver][39m   chromedriverPort
[35m[Appium][39m Appium v1.22.3 creating new AndroidUiautomator2Driver (v1.70.1) session
[35m[BaseDriver][39m The following capabilities were provided, but are not recognized by Appium:
[35m[BaseDriver][39m   platform
[35m[BaseDriver][39m Session created with session id: 14983d30-d34f-47e3-84b7-bd98b38cfeb6
[35m[UiAutomator2][39m Starting 'com.android.settings' directly on the device
[35m[ADB][39m Found 3 'build-tools' folders under 'C:\Users\Mazway\AppData\Local\Android\Sdk' (newest first):
[35m[ADB][39m     C:/Users/Mazway/AppData/Local/Android/Sdk/build-tools/33.0.1
[35m[ADB][39m     C:/Users/Mazway/AppData/Local/Android/Sdk/build-tools/33.0.0
[35m[ADB][39m     C:/Users/Mazway/AppData/Local/Android/Sdk/build-tools/30.0.3
[35m[ADB][39m Using 'adb.exe' from 'C:\Users\Mazway\AppData\Local\Android\Sdk\platform-tools\adb.exe'
[35m[AndroidDriver][39m Retrieving device list
[35m[AndroidDriver][39m Using device: emulator-5554
[35m[ADB][39m Using 'adb.exe' from 'C:\Users\Mazway\AppData\Local\Android\Sdk\platform-tools\adb.exe'
[35m[ADB][39m Getting device platform version
[35m[UiAutomator2][39m Relaxing hidden api policy
[35m[AndroidDriver][39m No app sent in, not parsing package/activity
[35m[ADB][39m Using 'apksigner.jar' from 'C:\Users\Mazway\AppData\Local\Android\Sdk\build-tools\33.0.1\lib\apksigner.jar'
[35m[ADB][39m 'C:\Users\Mazway\AppData\Roaming\npm\node_modules\appium\node_modules\appium-uiautomator2-server\apks\appium-uiautomator2-server-v4.27.0.apk' is signed with the default certificate
[35m[ADB][39m 'C:\Users\Mazway\AppData\Roaming\npm\node_modules\appium\node_modules\appium-uiautomator2-server\apks\appium-uiautomator2-server-debug-androidTest.apk' is signed with the default certificate
[35m[UiAutomator2][39m Server packages are not going to be (re)installed
[35m[ADB][39m Adding packages ["io.appium.settings","io.appium.uiautomator2.server","io.appium.uiautomator2.server.test"] to Doze whitelist
[35m[UiAutomator2][39m Starting UIAutomator2 server 4.27.0
[35m[UiAutomator2][39m Using UIAutomator2 server from 'C:\Users\Mazway\AppData\Roaming\npm\node_modules\appium\node_modules\appium-uiautomator2-server\apks\appium-uiautomator2-server-v4.27.0.apk' and test from 'C:\Users\Mazway\AppData\Roaming\npm\node_modules\appium\node_modules\appium-uiautomator2-server\apks\appium-uiautomator2-server-debug-androidTest.apk'
[35m[UiAutomator2][39m Waiting up to 30000ms for UiAutomator2 to be online...
[35m[WD Proxy][39m socket hang up
[35m[WD Proxy][39m socket hang up
[35m[WD Proxy][39m socket hang up
[35m[WD Proxy][39m Determined the downstream protocol as 'W3C'
[35m[AndroidDriver][39m Screen already unlocked, doing nothing
[35m[UiAutomator2][39m Starting 'com.android.settings/.Settings and waiting for 'com.android.settings/.Settings'
[35m[Appium][39m New AndroidUiautomator2Driver session created successfully, session 14983d30-d34f-47e3-84b7-bd98b38cfeb6 added to master session list
[35m[HTTP][39m [37m<-- POST /wd/hub/session [39m[32m200[39m [90m6848 ms - 1207[39m
[35m[HTTP][39m [90m[39m
[35m[HTTP][39m [37m-->[39m [37mGET[39m [37m/wd/hub/session/14983d30-d34f-47e3-84b7-bd98b38cfeb6[39m
[35m[HTTP][39m [90m{}[39m
[35m[HTTP][39m [37m<-- GET /wd/hub/session/14983d30-d34f-47e3-84b7-bd98b38cfeb6 [39m[32m200[39m [90m11 ms - 1161[39m
[35m[HTTP][39m [90m[39m
[35m[HTTP][39m [37m-->[39m [37mGET[39m [37m/wd/hub/session/14983d30-d34f-47e3-84b7-bd98b38cfeb6[39m
[35m[HTTP][39m [90m{}[39m
[35m[HTTP][39m [37m<-- GET /wd/hub/session/14983d30-d34f-47e3-84b7-bd98b38cfeb6 [39m[32m200[39m [90m9 ms - 1161[39m
[35m[HTTP][39m [90m[39m
[35m[HTTP][39m [37m-->[39m [37mGET[39m [37m/wd/hub/status[39m
[35m[HTTP][39m [90m{}[39m
[35m[HTTP][39m [37m<-- GET /wd/hub/status [39m[32m200[39m [90m1 ms - 68[39m
[35m[HTTP][39m [90m[39m
[35m[HTTP][39m [37m-->[39m [37mPOST[39m [37m/wd/hub/session/14983d30-d34f-47e3-84b7-bd98b38cfeb6/timeouts[39m
[35m[HTTP][39m [90m{"implicit":60000}[39m
[35m[HTTP][39m [37m<-- POST /wd/hub/session/14983d30-d34f-47e3-84b7-bd98b38cfeb6/timeouts [39m[32m200[39m [90m3 ms - 14[39m
[35m[HTTP][39m [90m[39m
[35m[HTTP][39m [37m-->[39m [37mGET[39m [37m/wd/hub/session/14983d30-d34f-47e3-84b7-bd98b38cfeb6/screenshot[39m
[35m[HTTP][39m [90m{}[39m
[35m[HTTP][39m [37m<-- GET /wd/hub/session/14983d30-d34f-47e3-84b7-bd98b38cfeb6/screenshot [39m[32m200[39m [90m807 ms - 36968[39m
[35m[HTTP][39m [90m[39m
[35m[HTTP][39m [37m-->[39m [37mGET[39m [37m/wd/hub/session/14983d30-d34f-47e3-84b7-bd98b38cfeb6/window/rect[39m
[35m[HTTP][39m [90m{}[39m
[35m[HTTP][39m [37m<-- GET /wd/hub/session/14983d30-d34f-47e3-84b7-bd98b38cfeb6/window/rect [39m[32m200[39m [90m21 ms - 50[39m
[35m[HTTP][39m [90m[39m
[35m[HTTP][39m [37m-->[39m [37mGET[39m [37m/wd/hub/session/14983d30-d34f-47e3-84b7-bd98b38cfeb6/appium/device/system_bars[39m
[35m[HTTP][39m [90m{}[39m
[35m[HTTP][39m [37m<-- GET /wd/hub/session/14983d30-d34f-47e3-84b7-bd98b38cfeb6/appium/device/system_bars [39m[32m200[39m [90m117 ms - 148[39m
[35m[HTTP][39m [90m[39m
[35m[HTTP][39m [37m-->[39m [37mPOST[39m [37m/wd/hub/session/14983d30-d34f-47e3-84b7-bd98b38cfeb6/appium/device/activate_app[39m
[35m[HTTP][39m [90m{"bundleId":"com.kimiafarma.online"}[39m
[35m[HTTP][39m [37m<-- POST /wd/hub/session/14983d30-d34f-47e3-84b7-bd98b38cfeb6/appium/device/activate_app [39m[32m200[39m [90m548 ms - 14[39m
[35m[HTTP][39m [90m[39m
[35m[HTTP][39m [37m-->[39m [37mGET[39m [37m/wd/hub/session/14983d30-d34f-47e3-84b7-bd98b38cfeb6/source[39m
[35m[HTTP][39m [90m{}[39m
[35m[W3C (14983d30)][39m Driver proxy active, passing request on via HTTP proxy
[35m[WD Proxy][39m Replacing sessionId 46f4d043-99ea-4a13-9880-2b856207fb4b with 14983d30-d34f-47e3-84b7-bd98b38cfeb6
[35m[HTTP][39m [37m<-- GET /wd/hub/session/14983d30-d34f-47e3-84b7-bd98b38cfeb6/source [39m[32m200[39m [90m197 ms - 600[39m
[35m[HTTP][39m [90m[39m
[35m[HTTP][39m [37m-->[39m [37mGET[39m [37m/wd/hub/session/14983d30-d34f-47e3-84b7-bd98b38cfeb6/screenshot[39m
[35m[HTTP][39m [90m{}[39m
[35m[HTTP][39m [37m<-- GET /wd/hub/session/14983d30-d34f-47e3-84b7-bd98b38cfeb6/screenshot [39m[32m200[39m [90m889 ms - 1375810[39m
[35m[HTTP][39m [90m[39m
[35m[HTTP][39m [37m-->[39m [37mGET[39m [37m/wd/hub/session/14983d30-d34f-47e3-84b7-bd98b38cfeb6/source[39m
[35m[HTTP][39m [90m{}[39m
[35m[W3C (14983d30)][39m Driver proxy active, passing request on via HTTP proxy
[35m[WD Proxy][39m Replacing sessionId 46f4d043-99ea-4a13-9880-2b856207fb4b with 14983d30-d34f-47e3-84b7-bd98b38cfeb6
[35m[HTTP][39m [37m<-- GET /wd/hub/session/14983d30-d34f-47e3-84b7-bd98b38cfeb6/source [39m[32m200[39m [90m431 ms - 53497[39m
[35m[HTTP][39m [90m[39m
[35m[HTTP][39m [37m-->[39m [37mGET[39m [37m/wd/hub/session/14983d30-d34f-47e3-84b7-bd98b38cfeb6/screenshot[39m
[35m[HTTP][39m [90m{}[39m
[35m[HTTP][39m [37m<-- GET /wd/hub/session/14983d30-d34f-47e3-84b7-bd98b38cfeb6/screenshot [39m[32m200[39m [90m621 ms - 1239064[39m
[35m[HTTP][39m [90m[39m
[35m[HTTP][39m [37m-->[39m [37mPOST[39m [37m/wd/hub/session/14983d30-d34f-47e3-84b7-bd98b38cfeb6/elements[39m
[35m[HTTP][39m [90m{"using":"xpath","value":"//*[@class = 'android.widget.TextView' and (@text = 'Dikirim ke' or . = 'Dikirim ke') and @resource-id = 'com.kimiafarma.online:id/tv_text_lokasi']"}[39m
[35m[HTTP][39m [37m<-- POST /wd/hub/session/14983d30-d34f-47e3-84b7-bd98b38cfeb6/elements [39m[32m200[39m [90m655 ms - 139[39m
[35m[HTTP][39m [90m[39m
[35m[HTTP][39m [37m-->[39m [37mGET[39m [37m/wd/hub/session/14983d30-d34f-47e3-84b7-bd98b38cfeb6/window/rect[39m
[35m[HTTP][39m [90m{}[39m
[35m[HTTP][39m [37m<-- GET /wd/hub/session/14983d30-d34f-47e3-84b7-bd98b38cfeb6/window/rect [39m[32m200[39m [90m14 ms - 50[39m
[35m[HTTP][39m [90m[39m
[35m[HTTP][39m [37m-->[39m [37mPOST[39m [37m/wd/hub/session/14983d30-d34f-47e3-84b7-bd98b38cfeb6/elements[39m
[35m[HTTP][39m [90m{"using":"xpath","value":"//*[@class = 'android.widget.TextView' and (@text = 'Dikirim ke' or . = 'Dikirim ke') and @resource-id = 'com.kimiafarma.online:id/tv_text_lokasi']"}[39m
[35m[HTTP][39m [37m<-- POST /wd/hub/session/14983d30-d34f-47e3-84b7-bd98b38cfeb6/elements [39m[32m200[39m [90m242 ms - 139[39m
[35m[HTTP][39m [90m[39m
[35m[HTTP][39m [37m-->[39m [37mGET[39m [37m/wd/hub/session/14983d30-d34f-47e3-84b7-bd98b38cfeb6/element/00000000-0000-0138-ffff-ffff00000022/location[39m
[35m[HTTP][39m [90m{}[39m
[35m[W3C (14983d30)][39m Driver proxy active, passing request on via HTTP proxy
[35m[WD Proxy][39m Replacing sessionId 46f4d043-99ea-4a13-9880-2b856207fb4b with 14983d30-d34f-47e3-84b7-bd98b38cfeb6
[35m[HTTP][39m [37m<-- GET /wd/hub/session/14983d30-d34f-47e3-84b7-bd98b38cfeb6/element/00000000-0000-0138-ffff-ffff00000022/location [39m[32m200[39m [90m19 ms - 78[39m
[35m[HTTP][39m [90m[39m
[35m[HTTP][39m [37m-->[39m [37mPOST[39m [37m/wd/hub/session/14983d30-d34f-47e3-84b7-bd98b38cfeb6/element/00000000-0000-0138-ffff-ffff00000022/click[39m
[35m[HTTP][39m [90m{"id":"00000000-0000-0138-ffff-ffff00000022"}[39m
[35m[HTTP][39m [37m<-- POST /wd/hub/session/14983d30-d34f-47e3-84b7-bd98b38cfeb6/element/00000000-0000-0138-ffff-ffff00000022/click [39m[32m200[39m [90m37 ms - 14[39m
[35m[HTTP][39m [90m[39m
[35m[HTTP][39m [37m-->[39m [37mGET[39m [37m/wd/hub/session/14983d30-d34f-47e3-84b7-bd98b38cfeb6/source[39m
[35m[HTTP][39m [90m{}[39m
[35m[W3C (14983d30)][39m Driver proxy active, passing request on via HTTP proxy
[35m[WD Proxy][39m Replacing sessionId 46f4d043-99ea-4a13-9880-2b856207fb4b with 14983d30-d34f-47e3-84b7-bd98b38cfeb6
[35m[HTTP][39m [37m<-- GET /wd/hub/session/14983d30-d34f-47e3-84b7-bd98b38cfeb6/source [39m[32m200[39m [90m423 ms - 20369[39m
[35m[HTTP][39m [90m[39m
[35m[HTTP][39m [37m-->[39m [37mGET[39m [37m/wd/hub/session/14983d30-d34f-47e3-84b7-bd98b38cfeb6/screenshot[39m
[35m[HTTP][39m [90m{}[39m
[35m[HTTP][39m [37m<-- GET /wd/hub/session/14983d30-d34f-47e3-84b7-bd98b38cfeb6/screenshot [39m[32m200[39m [90m294 ms - 167080[39m
[35m[HTTP][39m [90m[39m
[35m[HTTP][39m [37m-->[39m [37mPOST[39m [37m/wd/hub/session/14983d30-d34f-47e3-84b7-bd98b38cfeb6/elements[39m
[35m[HTTP][39m [90m{"using":"xpath","value":"//*[@class = 'android.widget.TextView' and (@text = 'Daftar Alamat' or . = 'Daftar Alamat') and @resource-id = 'com.kimiafarma.online.featureMainAddress:id/toolbar_title']"}[39m
[35m[HTTP][39m [37m<-- POST /wd/hub/session/14983d30-d34f-47e3-84b7-bd98b38cfeb6/elements [39m[32m200[39m [90m66 ms - 139[39m
[35m[HTTP][39m [90m[39m
[35m[HTTP][39m [37m-->[39m [37mPOST[39m [37m/wd/hub/session/14983d30-d34f-47e3-84b7-bd98b38cfeb6/elements[39m
[35m[HTTP][39m [90m{"using":"xpath","value":"//*[@class = 'android.widget.TextView' and (@text = 'Daftar Alamat' or . = 'Daftar Alamat') and @resource-id = 'com.kimiafarma.online.featureMainAddress:id/toolbar_title']"}[39m
[35m[HTTP][39m [37m<-- POST /wd/hub/session/14983d30-d34f-47e3-84b7-bd98b38cfeb6/elements [39m[32m200[39m [90m63 ms - 139[39m
[35m[HTTP][39m [90m[39m
[35m[HTTP][39m [37m-->[39m [37mGET[39m [37m/wd/hub/session/14983d30-d34f-47e3-84b7-bd98b38cfeb6/window/rect[39m
[35m[HTTP][39m [90m{}[39m
[35m[HTTP][39m [37m<-- GET /wd/hub/session/14983d30-d34f-47e3-84b7-bd98b38cfeb6/window/rect [39m[32m200[39m [90m9 ms - 50[39m
[35m[HTTP][39m [90m[39m
[35m[HTTP][39m [37m-->[39m [37mPOST[39m [37m/wd/hub/session/14983d30-d34f-47e3-84b7-bd98b38cfeb6/elements[39m
[35m[HTTP][39m [90m{"using":"xpath","value":"//*[@class = 'android.widget.TextView' and (@text = 'Daftar Alamat' or . = 'Daftar Alamat') and @resource-id = 'com.kimiafarma.online.featureMainAddress:id/toolbar_title']"}[39m
[35m[HTTP][39m [37m<-- POST /wd/hub/session/14983d30-d34f-47e3-84b7-bd98b38cfeb6/elements [39m[32m200[39m [90m64 ms - 139[39m
[35m[HTTP][39m [90m[39m
[35m[HTTP][39m [37m-->[39m [37mGET[39m [37m/wd/hub/session/14983d30-d34f-47e3-84b7-bd98b38cfeb6/element/00000000-0000-0141-ffff-ffff0000030c/location[39m
[35m[HTTP][39m [90m{}[39m
[35m[W3C (14983d30)][39m Driver proxy active, passing request on via HTTP proxy
[35m[WD Proxy][39m Replacing sessionId 46f4d043-99ea-4a13-9880-2b856207fb4b with 14983d30-d34f-47e3-84b7-bd98b38cfeb6
[35m[HTTP][39m [37m<-- GET /wd/hub/session/14983d30-d34f-47e3-84b7-bd98b38cfeb6/element/00000000-0000-0141-ffff-ffff0000030c/location [39m[32m200[39m [90m17 ms - 77[39m
[35m[HTTP][39m [90m[39m
[35m[HTTP][39m [37m-->[39m [37mGET[39m [37m/wd/hub/session/14983d30-d34f-47e3-84b7-bd98b38cfeb6/element/00000000-0000-0141-ffff-ffff0000030c/text[39m
[35m[HTTP][39m [90m{}[39m
[35m[W3C (14983d30)][39m Driver proxy active, passing request on via HTTP proxy
[35m[WD Proxy][39m Replacing sessionId 46f4d043-99ea-4a13-9880-2b856207fb4b with 14983d30-d34f-47e3-84b7-bd98b38cfeb6
[35m[HTTP][39m [37m<-- GET /wd/hub/session/14983d30-d34f-47e3-84b7-bd98b38cfeb6/element/00000000-0000-0141-ffff-ffff0000030c/text [39m[32m200[39m [90m11 ms - 76[39m
[35m[HTTP][39m [90m[39m
[35m[HTTP][39m [37m-->[39m [37mGET[39m [37m/wd/hub/session/14983d30-d34f-47e3-84b7-bd98b38cfeb6/source[39m
[35m[HTTP][39m [90m{}[39m
[35m[W3C (14983d30)][39m Driver proxy active, passing request on via HTTP proxy
[35m[WD Proxy][39m Replacing sessionId 46f4d043-99ea-4a13-9880-2b856207fb4b with 14983d30-d34f-47e3-84b7-bd98b38cfeb6
[35m[HTTP][39m [37m<-- GET /wd/hub/session/14983d30-d34f-47e3-84b7-bd98b38cfeb6/source [39m[32m200[39m [90m114 ms - 20369[39m
[35m[HTTP][39m [90m[39m
[35m[HTTP][39m [37m-->[39m [37mGET[39m [37m/wd/hub/session/14983d30-d34f-47e3-84b7-bd98b38cfeb6/screenshot[39m
[35m[HTTP][39m [90m{}[39m
[35m[HTTP][39m [37m<-- GET /wd/hub/session/14983d30-d34f-47e3-84b7-bd98b38cfeb6/screenshot [39m[32m200[39m [90m325 ms - 167918[39m
[35m[HTTP][39m [90m[39m
[35m[HTTP][39m [37m-->[39m [37mDELETE[39m [37m/wd/hub/session/14983d30-d34f-47e3-84b7-bd98b38cfeb6[39m
[35m[HTTP][39m [90m{}[39m
[35m[Appium][39m Removing session 14983d30-d34f-47e3-84b7-bd98b38cfeb6 from our master session list
[35m[UiAutomator2][39m Restoring hidden api policy to the device default configuration
[35m[HTTP][39m [37m<-- DELETE /wd/hub/session/14983d30-d34f-47e3-84b7-bd98b38cfeb6 [39m[32m200[39m [90m200 ms - 14[39m
[35m[HTTP][39m [90m[39m
